f:\tool\gsgs4.0.0\build\sdk\databaselayer\databaselayersqlite.dir\debug\databasequeryparser.obj
f:\tool\gsgs4.0.0\build\sdk\databaselayer\databaselayersqlite.dir\debug\preparedstatement.obj
f:\tool\gsgs4.0.0\build\sdk\databaselayer\databaselayersqlite.dir\debug\sqliteresultsetmetadata.obj
f:\tool\gsgs4.0.0\build\sdk\databaselayer\databaselayersqlite.dir\debug\databaselayer.obj
f:\tool\gsgs4.0.0\build\sdk\databaselayer\databaselayersqlite.dir\debug\sqlitedatabaselayer.obj
f:\tool\gsgs4.0.0\build\sdk\databaselayer\databaselayersqlite.dir\debug\databaseresultset.obj
f:\tool\gsgs4.0.0\build\sdk\databaselayer\databaselayersqlite.dir\debug\sqlitepreparedstatement.obj
f:\tool\gsgs4.0.0\build\sdk\databaselayer\databaselayersqlite.dir\debug\databaseerrorreporter.obj
f:\tool\gsgs4.0.0\build\sdk\databaselayer\databaselayersqlite.dir\debug\databasestringconverter.obj
f:\tool\gsgs4.0.0\build\sdk\databaselayer\databaselayersqlite.dir\debug\sqliteresultset.obj
f:\tool\gsgs4.0.0\build\sdk\databaselayer\databaselayersqlite.dir\debug\vc141.pdb
f:\lib\debug\databaselayersqlite.lib
f:\lib\debug\databaselayersqlite.exp
f:\tool\gsgs4.0.0\runtime\databaselayersqlite.ilk
f:\tool\gsgs4.0.0\runtime\databaselayersqlite.dll
f:\bin\debug\databaselayersqlite.pdb
f:\tool\gsgs4.0.0\build\sdk\databaselayer\databaselayersqlite.dir\debug\database.5b0e4e56.tlog\cl.11776.write.1.tlog
f:\tool\gsgs4.0.0\build\sdk\databaselayer\databaselayersqlite.dir\debug\database.5b0e4e56.tlog\cl.command.1.tlog
f:\tool\gsgs4.0.0\build\sdk\databaselayer\databaselayersqlite.dir\debug\database.5b0e4e56.tlog\cl.read.1.tlog
f:\tool\gsgs4.0.0\build\sdk\databaselayer\databaselayersqlite.dir\debug\database.5b0e4e56.tlog\databaselayersqlite.write.1u.tlog
f:\tool\gsgs4.0.0\build\sdk\databaselayer\databaselayersqlite.dir\debug\database.5b0e4e56.tlog\link.command.1.tlog
f:\tool\gsgs4.0.0\build\sdk\databaselayer\databaselayersqlite.dir\debug\database.5b0e4e56.tlog\link.read.1.tlog
f:\tool\gsgs4.0.0\build\sdk\databaselayer\databaselayersqlite.dir\debug\database.5b0e4e56.tlog\link.write.1.tlog
