f:\tool\gsgs4.0.0\build\liteeditor\gsgs.dir\debug\gsgsabout.obj
f:\tool\gsgs4.0.0\build\liteeditor\gsgs.dir\debug\dialogresourcegroups.obj
f:\tool\gsgs4.0.0\build\liteeditor\gsgs.dir\debug\gsgsperspectivepane.obj
f:\tool\gsgs4.0.0\build\liteeditor\gsgs.dir\debug\imageeditorframe.obj
f:\tool\gsgs4.0.0\build\liteeditor\gsgs.dir\debug\imagepropertiespanel.obj
f:\tool\gsgs4.0.0\build\liteeditor\gsgs.dir\debug\uilayoutdialogabout.obj
f:\tool\gsgs4.0.0\build\liteeditor\gsgs.dir\debug\uilayouteditorframe.obj
f:\tool\gsgs4.0.0\build\liteeditor\gsgs.dir\debug\app.obj
f:\tool\gsgs4.0.0\build\liteeditor\gsgs.dir\debug\compiler_page_plugin_bitmaps.obj
f:\tool\gsgs4.0.0\build\liteeditor\gsgs.dir\debug\context_diff.obj
f:\tool\gsgs4.0.0\build\liteeditor\gsgs.dir\debug\gsgsdebugpane.obj
f:\tool\gsgs4.0.0\build\liteeditor\gsgs.dir\debug\gsgsbook.obj
f:\tool\gsgs4.0.0\build\liteeditor\gsgs.dir\debug\gsgsoutputpane.obj
f:\tool\gsgs4.0.0\build\liteeditor\gsgs.dir\debug\gsgspluginmanager.obj
f:\tool\gsgs4.0.0\build\liteeditor\gsgs.dir\debug\gsgstabgroupmanager.obj
f:\tool\gsgs4.0.0\build\liteeditor\gsgs.dir\debug\commoncontroller.obj
f:\tool\gsgs4.0.0\build\liteeditor\gsgs.dir\debug\exceptionmanager.obj
f:\tool\gsgs4.0.0\build\liteeditor\gsgs.dir\debug\imagedocument.obj
f:\tool\gsgs4.0.0\build\liteeditor\gsgs.dir\debug\imageeditorview.obj
f:\tool\gsgs4.0.0\build\liteeditor\gsgs.dir\debug\uilayoutcopiedselection.obj
f:\tool\gsgs4.0.0\build\liteeditor\gsgs.dir\debug\uilayoutoptions.obj
f:\tool\gsgs4.0.0\build\liteeditor\gsgs.dir\debug\contextjavascript.obj
f:\tool\gsgs4.0.0\build\liteeditor\gsgs.dir\debug\gsgscompilersettings.obj
f:\tool\gsgs4.0.0\build\liteeditor\gsgs.dir\debug\gsgseditor.obj
f:\tool\gsgs4.0.0\build\liteeditor\gsgs.dir\debug\gsgscontextmanager.obj
f:\tool\gsgs4.0.0\build\liteeditor\gsgs.dir\debug\findreplacedlg.obj
f:\tool\gsgs4.0.0\build\liteeditor\gsgs.dir\debug\iconsextra.obj
f:\tool\gsgs4.0.0\build\liteeditor\gsgs.dir\debug\listctrlpanel_formbuilder_bitmaps.obj
f:\tool\gsgs4.0.0\build\liteeditor\gsgs.dir\debug\gsgsmenumanager.obj
f:\tool\gsgs4.0.0\build\liteeditor\gsgs.dir\debug\gsgsoutputtabwindow.obj
f:\tool\gsgs4.0.0\build\liteeditor\gsgs.dir\debug\project_settings_base_dlg.obj
f:\tool\gsgs4.0.0\build\liteeditor\gsgs.dir\debug\resources.obj
f:\tool\gsgs4.0.0\build\liteeditor\gsgs.dir\debug\syntaxhighlightbasedlg_liteeditor_bitmaps.obj
f:\tool\gsgs4.0.0\build\liteeditor\gsgs.dir\debug\wxcrafter_liteeditor_bitmaps.obj
f:\tool\gsgs4.0.0\build\liteeditor\gsgs.dir\debug\commonview.obj
f:\tool\gsgs4.0.0\build\liteeditor\gsgs.dir\debug\gsgspreferences.obj
f:\tool\gsgs4.0.0\build\liteeditor\gsgs.dir\debug\gsgsscenepane.obj
f:\tool\gsgs4.0.0\build\liteeditor\gsgs.dir\debug\imageelasticbox.obj
f:\tool\gsgs4.0.0\build\liteeditor\gsgs.dir\debug\inifile.obj
f:\tool\gsgs4.0.0\build\liteeditor\gsgs.dir\debug\simplesymbolengine.obj
f:\tool\gsgs4.0.0\build\liteeditor\gsgs.dir\debug\uilayoutdialogmain.obj
f:\tool\gsgs4.0.0\build\liteeditor\gsgs.dir\debug\compilersfounddlg_liteeditor_bitmaps.obj
f:\tool\gsgs4.0.0\build\liteeditor\gsgs.dir\debug\commoncontroller1.obj
f:\tool\gsgs4.0.0\build\liteeditor\gsgs.dir\debug\gsgscodecompletionmanager.obj
f:\tool\gsgs4.0.0\build\liteeditor\gsgs.dir\debug\context_html.obj
f:\tool\gsgs4.0.0\build\liteeditor\gsgs.dir\debug\dvtemplatesmodel.obj
f:\tool\gsgs4.0.0\build\liteeditor\gsgs.dir\debug\gsgsfileview.obj
f:\tool\gsgs4.0.0\build\liteeditor\gsgs.dir\debug\gsgsmanager.obj
f:\tool\gsgs4.0.0\build\liteeditor\gsgs.dir\debug\gsgsperspectivemanager.obj
f:\tool\gsgs4.0.0\build\liteeditor\gsgs.dir\debug\project_settings_liteeditor_bitmaps.obj
f:\tool\gsgs4.0.0\build\liteeditor\gsgs.dir\debug\reconcileproject_liteeditor_bitmaps.obj
f:\tool\gsgs4.0.0\build\liteeditor\gsgs.dir\debug\stalefilesmodel.obj
f:\tool\gsgs4.0.0\build\liteeditor\gsgs.dir\debug\gsgsworkspacepane.obj
f:\tool\gsgs4.0.0\build\liteeditor\gsgs.dir\debug\gsgscreateworkspace.obj
f:\tool\gsgs4.0.0\build\liteeditor\gsgs.dir\debug\gsgspresent.obj
f:\tool\gsgs4.0.0\build\liteeditor\gsgs.dir\debug\gsgsworkbench.obj
f:\tool\gsgs4.0.0\build\liteeditor\gsgs.dir\debug\imageglcanvas.obj
f:\tool\gsgs4.0.0\build\liteeditor\gsgs.dir\debug\uilayouteditorcanvas.obj
f:\tool\gsgs4.0.0\build\liteeditor\gsgs.dir\debug\contextphp.obj
f:\tool\gsgs4.0.0\build\liteeditor\gsgs.dir\debug\assignedfilesmodel.obj
f:\tool\gsgs4.0.0\build\liteeditor\gsgs.dir\debug\gsgsbreakpointmanager.obj
f:\tool\gsgs4.0.0\build\liteeditor\gsgs.dir\debug\compilersfoundmodel.obj
f:\tool\gsgs4.0.0\build\liteeditor\gsgs.dir\debug\context_cpp.obj
f:\tool\gsgs4.0.0\build\liteeditor\gsgs.dir\debug\editorsettingslocalbase_formbuilder_bitmaps.obj
f:\tool\gsgs4.0.0\build\liteeditor\gsgs.dir\debug\foldermodel.obj
f:\tool\gsgs4.0.0\build\liteeditor\gsgs.dir\debug\gsgsframe.obj
f:\tool\gsgs4.0.0\build\liteeditor\gsgs.dir\debug\gsgsbuildtab.obj
f:\tool\gsgs4.0.0\build\liteeditor\gsgs.dir\debug\gsgspluginmanagerdlg.obj
f:\tool\gsgs4.0.0\build\liteeditor\gsgs.dir\debug\quickoutlinedlg.obj
f:\tool\gsgs4.0.0\build\liteeditor\gsgs.dir\debug\wxcrafter.obj
f:\tool\gsgs4.0.0\build\liteeditor\gsgs.dir\debug\vc141.pdb
f:\lib\debug\gsgs.lib
f:\lib\debug\gsgs.exp
f:\tool\gsgs4.0.0\runtime\gsgs.ilk
f:\tool\gsgs4.0.0\runtime\gsgs.exe
f:\bin\debug\gsgs.pdb
f:\tool\gsgs4.0.0\build\liteeditor\gsgs.dir\debug\gsgs.tlog\cl.13080.write.1.tlog
f:\tool\gsgs4.0.0\build\liteeditor\gsgs.dir\debug\gsgs.tlog\cl.command.1.tlog
f:\tool\gsgs4.0.0\build\liteeditor\gsgs.dir\debug\gsgs.tlog\cl.read.1.tlog
f:\tool\gsgs4.0.0\build\liteeditor\gsgs.dir\debug\gsgs.tlog\gsgs.write.1u.tlog
f:\tool\gsgs4.0.0\build\liteeditor\gsgs.dir\debug\gsgs.tlog\link.command.1.tlog
f:\tool\gsgs4.0.0\build\liteeditor\gsgs.dir\debug\gsgs.tlog\link.read.1.tlog
f:\tool\gsgs4.0.0\build\liteeditor\gsgs.dir\debug\gsgs.tlog\link.write.1.tlog
