f:\tool\gsgs4.0.0\build\sdk\wxshapeframework\wxshapeframework.dir\debug\bitmapshapexml.obj
f:\tool\gsgs4.0.0\build\sdk\wxshapeframework\wxshapeframework.dir\debug\canvasstate.obj
f:\tool\gsgs4.0.0\build\sdk\wxshapeframework\wxshapeframework.dir\debug\controlshape.obj
f:\tool\gsgs4.0.0\build\sdk\wxshapeframework\wxshapeframework.dir\debug\diamondshape.obj
f:\tool\gsgs4.0.0\build\sdk\wxshapeframework\wxshapeframework.dir\debug\flexgridshape.obj
f:\tool\gsgs4.0.0\build\sdk\wxshapeframework\wxshapeframework.dir\debug\openarrow.obj
f:\tool\gsgs4.0.0\build\sdk\wxshapeframework\wxshapeframework.dir\debug\printout.obj
f:\tool\gsgs4.0.0\build\sdk\wxshapeframework\wxshapeframework.dir\debug\sfevents.obj
f:\tool\gsgs4.0.0\build\sdk\wxshapeframework\wxshapeframework.dir\debug\shapedataobject.obj
f:\tool\gsgs4.0.0\build\sdk\wxshapeframework\wxshapeframework.dir\debug\solidarrow.obj
f:\tool\gsgs4.0.0\build\sdk\wxshapeframework\wxshapeframework.dir\debug\wx_pch.obj
f:\tool\gsgs4.0.0\build\sdk\wxshapeframework\wxshapeframework.dir\debug\arrowbase.obj
f:\tool\gsgs4.0.0\build\sdk\wxshapeframework\wxshapeframework.dir\debug\canvashistory.obj
f:\tool\gsgs4.0.0\build\sdk\wxshapeframework\wxshapeframework.dir\debug\curveshape.obj
f:\tool\gsgs4.0.0\build\sdk\wxshapeframework\wxshapeframework.dir\debug\edittextshape.obj
f:\tool\gsgs4.0.0\build\sdk\wxshapeframework\wxshapeframework.dir\debug\gridshape.obj
f:\tool\gsgs4.0.0\build\sdk\wxshapeframework\wxshapeframework.dir\debug\orthoshape.obj
f:\tool\gsgs4.0.0\build\sdk\wxshapeframework\wxshapeframework.dir\debug\rectshape.obj
f:\tool\gsgs4.0.0\build\sdk\wxshapeframework\wxshapeframework.dir\debug\scaleddc.obj
f:\tool\gsgs4.0.0\build\sdk\wxshapeframework\wxshapeframework.dir\debug\shapecanvas.obj
f:\tool\gsgs4.0.0\build\sdk\wxshapeframework\wxshapeframework.dir\debug\textshape.obj
f:\tool\gsgs4.0.0\build\sdk\wxshapeframework\wxshapeframework.dir\debug\propertyio.obj
f:\tool\gsgs4.0.0\build\sdk\wxshapeframework\wxshapeframework.dir\debug\autolayout.obj
f:\tool\gsgs4.0.0\build\sdk\wxshapeframework\wxshapeframework.dir\debug\circlearrow.obj
f:\tool\gsgs4.0.0\build\sdk\wxshapeframework\wxshapeframework.dir\debug\commonfcn.obj
f:\tool\gsgs4.0.0\build\sdk\wxshapeframework\wxshapeframework.dir\debug\diamondarrow.obj
f:\tool\gsgs4.0.0\build\sdk\wxshapeframework\wxshapeframework.dir\debug\fixedrectshape.obj
f:\tool\gsgs4.0.0\build\sdk\wxshapeframework\wxshapeframework.dir\debug\multiselrect.obj
f:\tool\gsgs4.0.0\build\sdk\wxshapeframework\wxshapeframework.dir\debug\polygonshapexml.obj
f:\tool\gsgs4.0.0\build\sdk\wxshapeframework\wxshapeframework.dir\debug\roundrectshape.obj
f:\tool\gsgs4.0.0\build\sdk\wxshapeframework\wxshapeframework.dir\debug\shapebasexml.obj
f:\tool\gsgs4.0.0\build\sdk\wxshapeframework\wxshapeframework.dir\debug\shapehandle.obj
f:\tool\gsgs4.0.0\build\sdk\wxshapeframework\wxshapeframework.dir\debug\thumbnail.obj
f:\tool\gsgs4.0.0\build\sdk\wxshapeframework\wxshapeframework.dir\debug\bitmapshape.obj
f:\tool\gsgs4.0.0\build\sdk\wxshapeframework\wxshapeframework.dir\debug\circleshape.obj
f:\tool\gsgs4.0.0\build\sdk\wxshapeframework\wxshapeframework.dir\debug\diagrammanager.obj
f:\tool\gsgs4.0.0\build\sdk\wxshapeframework\wxshapeframework.dir\debug\ellipseshape.obj
f:\tool\gsgs4.0.0\build\sdk\wxshapeframework\wxshapeframework.dir\debug\lineshape.obj
f:\tool\gsgs4.0.0\build\sdk\wxshapeframework\wxshapeframework.dir\debug\polygonshape.obj
f:\tool\gsgs4.0.0\build\sdk\wxshapeframework\wxshapeframework.dir\debug\roundorthoshape.obj
f:\tool\gsgs4.0.0\build\sdk\wxshapeframework\wxshapeframework.dir\debug\shapebase.obj
f:\tool\gsgs4.0.0\build\sdk\wxshapeframework\wxshapeframework.dir\debug\shapedockpoint.obj
f:\tool\gsgs4.0.0\build\sdk\wxshapeframework\wxshapeframework.dir\debug\textshapexml.obj
f:\tool\gsgs4.0.0\build\sdk\wxshapeframework\wxshapeframework.dir\debug\xmlserializer.obj
f:\tool\gsgs4.0.0\build\sdk\wxshapeframework\wxshapeframework.dir\debug\vc141.pdb
f:\tool\gsgs4.0.0\runtime\wxshapeframework.ilk
f:\tool\gsgs4.0.0\runtime\wxshapeframework.dll
f:\bin\debug\wxshapeframework.pdb
f:\lib\debug\wxshapeframework.lib
f:\lib\debug\wxshapeframework.exp
f:\tool\gsgs4.0.0\build\sdk\wxshapeframework\wxshapeframework.dir\debug\wxshapeframework.tlog\cl.12720.write.1.tlog
f:\tool\gsgs4.0.0\build\sdk\wxshapeframework\wxshapeframework.dir\debug\wxshapeframework.tlog\cl.command.1.tlog
f:\tool\gsgs4.0.0\build\sdk\wxshapeframework\wxshapeframework.dir\debug\wxshapeframework.tlog\cl.read.1.tlog
f:\tool\gsgs4.0.0\build\sdk\wxshapeframework\wxshapeframework.dir\debug\wxshapeframework.tlog\link.command.1.tlog
f:\tool\gsgs4.0.0\build\sdk\wxshapeframework\wxshapeframework.dir\debug\wxshapeframework.tlog\link.read.1.tlog
f:\tool\gsgs4.0.0\build\sdk\wxshapeframework\wxshapeframework.dir\debug\wxshapeframework.tlog\link.write.1.tlog
f:\tool\gsgs4.0.0\build\sdk\wxshapeframework\wxshapeframework.dir\debug\wxshapeframework.tlog\wxshapeframework.write.1u.tlog
