f:\tool\gsgs4.0.0\build\plugin\plugin.dir\debug\gsgsdk.obj
f:\tool\gsgs4.0.0\build\plugin\plugin.dir\debug\gsgsplugincommon.obj
f:\tool\gsgs4.0.0\build\plugin\plugin.dir\debug\gsgswizard.obj
f:\tool\gsgs4.0.0\build\plugin\plugin.dir\debug\innercompilerlocator.obj
f:\tool\gsgs4.0.0\build\plugin\plugin.dir\debug\lspnetwork.obj
f:\tool\gsgs4.0.0\build\plugin\plugin.dir\debug\lspnetworkstdio.obj
f:\tool\gsgs4.0.0\build\plugin\plugin.dir\debug\markup.obj
f:\tool\gsgs4.0.0\build\plugin\plugin.dir\debug\gsgsnotebook.obj
f:\tool\gsgs4.0.0\build\plugin\plugin.dir\debug\sftpsessioninfo.obj
f:\tool\gsgs4.0.0\build\plugin\plugin.dir\debug\wsimporterdlgs_plugin_bitmaps.obj
f:\tool\gsgs4.0.0\build\plugin\plugin.dir\debug\gsgsimagemanager.obj
f:\tool\gsgs4.0.0\build\plugin\plugin.dir\debug\gsgsbutton.obj
f:\tool\gsgs4.0.0\build\plugin\plugin.dir\debug\gsgsmultibook.obj
f:\tool\gsgs4.0.0\build\plugin\plugin.dir\debug\gsgsscrolledpanel.obj
f:\tool\gsgs4.0.0\build\plugin\plugin.dir\debug\gsgscommonpanel.obj
f:\tool\gsgs4.0.0\build\plugin\plugin.dir\debug\gsgsworkspacemanager.obj
f:\tool\gsgs4.0.0\build\plugin\plugin.dir\debug\gsgseditorconfig.obj
f:\tool\gsgs4.0.0\build\plugin\plugin.dir\debug\gsgslexerstyle.obj
f:\tool\gsgs4.0.0\build\plugin\plugin.dir\debug\openresourcedialogmodel.obj
f:\tool\gsgs4.0.0\build\plugin\plugin.dir\debug\opentypevlistctrl.obj
f:\tool\gsgs4.0.0\build\plugin\plugin.dir\debug\project.obj
f:\tool\gsgs4.0.0\build\plugin\plugin.dir\debug\gsgsshellcmd.obj
f:\tool\gsgs4.0.0\build\plugin\plugin.dir\debug\gsgscodeboxmanager.obj
f:\tool\gsgs4.0.0\build\plugin\plugin.dir\debug\wxterminalbase.obj
f:\tool\gsgs4.0.0\build\plugin\plugin.dir\debug\gsgsmenubar.obj
f:\tool\gsgs4.0.0\build\plugin\plugin.dir\debug\gsgswindowmanager.obj
f:\tool\gsgs4.0.0\build\plugin\plugin.dir\debug\eclipsethemeimportermanager.obj
f:\tool\gsgs4.0.0\build\plugin\plugin.dir\debug\lspnetworksocketclient.obj
f:\tool\gsgs4.0.0\build\plugin\plugin.dir\debug\nodejslocator.obj
f:\tool\gsgs4.0.0\build\plugin\plugin.dir\debug\sftpbrowserdlg.obj
f:\tool\gsgs4.0.0\build\plugin\plugin.dir\debug\wsimporterdlgs.obj
f:\tool\gsgs4.0.0\build\plugin\plugin.dir\debug\art_metro.obj
f:\tool\gsgs4.0.0\build\plugin\plugin.dir\debug\gsgsbuildconfig.obj
f:\tool\gsgs4.0.0\build\plugin\plugin.dir\debug\gsgsfileviwertreectrl.obj
f:\tool\gsgs4.0.0\build\plugin\plugin.dir\debug\gsgsrowentry.obj
f:\tool\gsgs4.0.0\build\plugin\plugin.dir\debug\gsgssplitterwindow.obj
f:\tool\gsgs4.0.0\build\plugin\plugin.dir\debug\gsgstreectrl.obj
f:\tool\gsgs4.0.0\build\plugin\plugin.dir\debug\gsgseditortip.obj
f:\tool\gsgs4.0.0\build\plugin\plugin.dir\debug\gsgsfilepicker.obj
f:\tool\gsgs4.0.0\build\plugin\plugin.dir\debug\gsgslistctrladvance.obj
f:\tool\gsgs4.0.0\build\plugin\plugin.dir\debug\md5.obj
f:\tool\gsgs4.0.0\build\plugin\plugin.dir\debug\gsgsnavigationmanager.obj
f:\tool\gsgs4.0.0\build\plugin\plugin.dir\debug\plugin_general_wxcp_plugin_bitmaps.obj
f:\tool\gsgs4.0.0\build\plugin\plugin.dir\debug\quickfindbarbase.obj
f:\tool\gsgs4.0.0\build\plugin\plugin.dir\debug\sftptreemodel.obj
f:\tool\gsgs4.0.0\build\plugin\plugin.dir\debug\ssh_account_info.obj
f:\tool\gsgs4.0.0\build\plugin\plugin.dir\debug\gsgshistory.obj
f:\tool\gsgs4.0.0\build\plugin\plugin.dir\debug\wxcrafter_plugin.obj
f:\tool\gsgs4.0.0\build\plugin\plugin.dir\debug\gsgsbuildergnumake.obj
f:\tool\gsgs4.0.0\build\plugin\plugin.dir\debug\gsgsstylemanager.obj
f:\tool\gsgs4.0.0\build\plugin\plugin.dir\debug\quickfindbarbase_liteeditor_bitmaps.obj
f:\tool\gsgs4.0.0\build\plugin\plugin.dir\debug\gsgstoolsetmanager.obj
f:\tool\gsgs4.0.0\build\plugin\plugin.dir\debug\languageserverprotocol.obj
f:\tool\gsgs4.0.0\build\plugin\plugin.dir\debug\notebooknavigationdlg.obj
f:\tool\gsgs4.0.0\build\plugin\plugin.dir\debug\wsimporter.obj
f:\tool\gsgs4.0.0\build\plugin\plugin.dir\debug\gsgsboxtip.obj
f:\tool\gsgs4.0.0\build\plugin\plugin.dir\debug\gsgsgotoentrymanager.obj
f:\tool\gsgs4.0.0\build\plugin\plugin.dir\debug\gsgscommondialog.obj
f:\tool\gsgs4.0.0\build\plugin\plugin.dir\debug\gsgstoolbar.obj
f:\tool\gsgs4.0.0\build\plugin\plugin.dir\debug\gsgszip.obj
f:\tool\gsgs4.0.0\build\plugin\plugin.dir\debug\gsgsdebuggermanager.obj
f:\tool\gsgs4.0.0\build\plugin\plugin.dir\debug\gsgsjob.obj
f:\tool\gsgs4.0.0\build\plugin\plugin.dir\debug\gsgsmacromanager.obj
f:\tool\gsgs4.0.0\build\plugin\plugin.dir\debug\gsgsoptionsconfig.obj
f:\tool\gsgs4.0.0\build\plugin\plugin.dir\debug\gsgssessionmanager.obj
f:\tool\gsgs4.0.0\build\plugin\plugin.dir\debug\sftp_ui_sftp_bitmaps.obj
f:\tool\gsgs4.0.0\build\plugin\plugin.dir\debug\symbol_tree.obj
f:\tool\gsgs4.0.0\build\plugin\plugin.dir\debug\wxpnganimation.obj
f:\tool\gsgs4.0.0\build\plugin\plugin.dir\debug\wxterminal.obj
f:\tool\gsgs4.0.0\build\plugin\plugin.dir\debug\gsgscommonhandler.obj
f:\tool\gsgs4.0.0\build\plugin\plugin.dir\debug\gsgsquickfindbar.obj
f:\tool\gsgs4.0.0\build\plugin\plugin.dir\debug\gsgsfilediffpanel.obj
f:\tool\gsgs4.0.0\build\plugin\plugin.dir\debug\newprojectdialog.obj
f:\tool\gsgs4.0.0\build\plugin\plugin.dir\debug\sshaccountmanagerdlg.obj
f:\tool\gsgs4.0.0\build\plugin\plugin.dir\debug\gsgsbookmarkmanager.obj
f:\tool\gsgs4.0.0\build\plugin\plugin.dir\debug\gsgsitempanel.obj
f:\tool\gsgs4.0.0\build\plugin\plugin.dir\debug\gsgsnodejs.obj
f:\tool\gsgs4.0.0\build\plugin\plugin.dir\debug\gsgsstatusbar.obj
f:\tool\gsgs4.0.0\build\plugin\plugin.dir\debug\gsgstreectrlpanel.obj
f:\tool\gsgs4.0.0\build\plugin\plugin.dir\debug\gsgstreelistctrl.obj
f:\tool\gsgs4.0.0\build\plugin\plugin.dir\debug\globals.obj
f:\tool\gsgs4.0.0\build\plugin\plugin.dir\debug\notebook_bitmaps.obj
f:\tool\gsgs4.0.0\build\plugin\plugin.dir\debug\plugin_general_wxcp.obj
f:\tool\gsgs4.0.0\build\plugin\plugin.dir\debug\gsgsprogressctrl.obj
f:\tool\gsgs4.0.0\build\plugin\plugin.dir\debug\sftp_settings.obj
f:\tool\gsgs4.0.0\build\plugin\plugin.dir\debug\sftp_ui.obj
f:\tool\gsgs4.0.0\build\plugin\plugin.dir\debug\gsgsworkspace.obj
f:\tool\gsgs4.0.0\build\plugin\plugin.dir\debug\wxcrafter_plugin_bitmaps.obj
f:\tool\gsgs4.0.0\build\plugin\plugin.dir\debug\vc141.pdb
f:\tool\gsgs4.0.0\runtime\plugin.ilk
f:\tool\gsgs4.0.0\runtime\plugin.dll
f:\bin\debug\plugin.pdb
f:\lib\debug\plugin.lib
f:\lib\debug\plugin.exp
f:\tool\gsgs4.0.0\build\plugin\plugin.dir\debug\plugin.tlog\cl.11392.write.1.tlog
f:\tool\gsgs4.0.0\build\plugin\plugin.dir\debug\plugin.tlog\cl.command.1.tlog
f:\tool\gsgs4.0.0\build\plugin\plugin.dir\debug\plugin.tlog\cl.read.1.tlog
f:\tool\gsgs4.0.0\build\plugin\plugin.dir\debug\plugin.tlog\link.command.1.tlog
f:\tool\gsgs4.0.0\build\plugin\plugin.dir\debug\plugin.tlog\link.read.1.tlog
f:\tool\gsgs4.0.0\build\plugin\plugin.dir\debug\plugin.tlog\link.write.1.tlog
f:\tool\gsgs4.0.0\build\plugin\plugin.dir\debug\plugin.tlog\plugin.write.1u.tlog
