f:\tool\gsgs4.0.0\build\codelite\gsgs.dir\debug\gsgsprocess.obj
f:\tool\gsgs4.0.0\build\codelite\gsgs.dir\debug\xmlutils.obj
f:\tool\gsgs4.0.0\build\codelite\gsgs.dir\debug\art_metro.obj
f:\tool\gsgs4.0.0\build\codelite\gsgs.dir\debug\gsgsbookmarkmanager.obj
f:\tool\gsgs4.0.0\build\codelite\gsgs.dir\debug\gsgsbuildergnumake.obj
f:\tool\gsgs4.0.0\build\codelite\gsgs.dir\debug\gsgscommonpanel.obj
f:\tool\gsgs4.0.0\build\codelite\gsgs.dir\debug\gsgsfilediffpanel.obj
f:\tool\gsgs4.0.0\build\codelite\gsgs.dir\debug\gsgsimagemanager.obj
f:\tool\gsgs4.0.0\build\codelite\gsgs.dir\debug\gsgsmacromanager.obj
f:\tool\gsgs4.0.0\build\codelite\gsgs.dir\debug\gsgsnotebook.obj
f:\tool\gsgs4.0.0\build\codelite\gsgs.dir\debug\gsgsquickfindbar.obj
f:\tool\gsgs4.0.0\build\codelite\gsgs.dir\debug\gsgssplitterwindow.obj
f:\tool\gsgs4.0.0\build\codelite\gsgs.dir\debug\gsgstoolbar.obj
f:\tool\gsgs4.0.0\build\codelite\gsgs.dir\debug\gsgstreelistctrl.obj
f:\tool\gsgs4.0.0\build\codelite\gsgs.dir\debug\gsgsworkspacemanager.obj
f:\tool\gsgs4.0.0\build\codelite\gsgs.dir\debug\lspnetworksocketclient.obj
f:\tool\gsgs4.0.0\build\codelite\gsgs.dir\debug\md5.obj
f:\tool\gsgs4.0.0\build\codelite\gsgs.dir\debug\newprojectdialog.obj
f:\tool\gsgs4.0.0\build\codelite\gsgs.dir\debug\project.obj
f:\tool\gsgs4.0.0\build\codelite\gsgs.dir\debug\ssh_account_info.obj
f:\tool\gsgs4.0.0\build\codelite\gsgs.dir\debug\wxcrafter_plugin.obj
f:\tool\gsgs4.0.0\build\codelite\gsgs.dir\debug\cl_indexer_reply.obj
f:\tool\gsgs4.0.0\build\codelite\gsgs.dir\debug\cl_indexer_request.obj
f:\tool\gsgs4.0.0\build\codelite\gsgs.dir\debug\named_pipe.obj
f:\tool\gsgs4.0.0\build\codelite\gsgs.dir\debug\np_connections_server.obj
f:\tool\gsgs4.0.0\build\codelite\gsgs.dir\debug\cxxpreprocessor.obj
f:\tool\gsgs4.0.0\build\codelite\gsgs.dir\debug\cxxscannerbase.obj
f:\tool\gsgs4.0.0\build\codelite\gsgs.dir\debug\cxxvariable.obj
f:\tool\gsgs4.0.0\build\codelite\gsgs.dir\debug\completionitem.obj
f:\tool\gsgs4.0.0\build\codelite\gsgs.dir\debug\didclosetextdocumentrequest.obj
f:\tool\gsgs4.0.0\build\codelite\gsgs.dir\debug\gotodefinitionrequest.obj
f:\tool\gsgs4.0.0\build\codelite\gsgs.dir\debug\lspevent.obj
f:\tool\gsgs4.0.0\build\codelite\gsgs.dir\debug\responseerror.obj
f:\tool\gsgs4.0.0\build\codelite\gsgs.dir\debug\json_rpc_params.obj
f:\tool\gsgs4.0.0\build\codelite\gsgs.dir\debug\phpdocproperty.obj
f:\tool\gsgs4.0.0\build\codelite\gsgs.dir\debug\phpentityclass.obj
f:\tool\gsgs4.0.0\build\codelite\gsgs.dir\debug\phpentitynamespace.obj
f:\tool\gsgs4.0.0\build\codelite\gsgs.dir\debug\phpindex.obj
f:\tool\gsgs4.0.0\build\codelite\gsgs.dir\debug\phplexer.obj
f:\tool\gsgs4.0.0\build\codelite\gsgs.dir\debug\gsgssocketclient.obj
f:\tool\gsgs4.0.0\build\codelite\gsgs.dir\debug\gsgswebsocketclient.obj
f:\tool\gsgs4.0.0\build\codelite\gsgs.dir\debug\gsgsthread.obj
f:\tool\gsgs4.0.0\build\codelite\gsgs.dir\debug\gsgssftp.obj
f:\tool\gsgs4.0.0\build\codelite\gsgs.dir\debug\gsgscompilercmdparser.obj
f:\tool\gsgs4.0.0\build\codelite\gsgs.dir\debug\cpp_lexer.obj
f:\tool\gsgs4.0.0\build\codelite\gsgs.dir\debug\cpp_scanner.obj
f:\tool\gsgs4.0.0\build\codelite\gsgs.dir\debug\gsgstagmanager.obj
f:\tool\gsgs4.0.0\build\codelite\gsgs.dir\debug\gsgsprofile.obj
f:\tool\gsgs4.0.0\build\codelite\gsgs.dir\debug\pptable.obj
f:\tool\gsgs4.0.0\build\codelite\gsgs.dir\debug\scope_optimizer.obj
f:\tool\gsgs4.0.0\build\codelite\gsgs.dir\debug\gsgssearchworker.obj
f:\tool\gsgs4.0.0\build\codelite\gsgs.dir\debug\var_parser.obj
f:\tool\gsgs4.0.0\build\codelite\gsgs.dir\debug\gsgscommon.obj
f:\tool\gsgs4.0.0\build\codelite\gsgs.dir\debug\gsgstipinfo.obj
f:\tool\gsgs4.0.0\build\codelite\gsgs.dir\debug\globals.obj
f:\tool\gsgs4.0.0\build\codelite\gsgs.dir\debug\gsgsbutton.obj
f:\tool\gsgs4.0.0\build\codelite\gsgs.dir\debug\gsgscommondialog.obj
f:\tool\gsgs4.0.0\build\codelite\gsgs.dir\debug\gsgseditorconfig.obj
f:\tool\gsgs4.0.0\build\codelite\gsgs.dir\debug\gsgsfileviwertreectrl.obj
f:\tool\gsgs4.0.0\build\codelite\gsgs.dir\debug\gsgsitempanel.obj
f:\tool\gsgs4.0.0\build\codelite\gsgs.dir\debug\gsgsmultibook.obj
f:\tool\gsgs4.0.0\build\codelite\gsgs.dir\debug\gsgsoptionsconfig.obj
f:\tool\gsgs4.0.0\build\codelite\gsgs.dir\debug\gsgsrowentry.obj
f:\tool\gsgs4.0.0\build\codelite\gsgs.dir\debug\gsgsstylemanager.obj
f:\tool\gsgs4.0.0\build\codelite\gsgs.dir\debug\gsgstreectrlpanel.obj
f:\tool\gsgs4.0.0\build\codelite\gsgs.dir\debug\gsgsworkspace.obj
f:\tool\gsgs4.0.0\build\codelite\gsgs.dir\debug\lspnetwork.obj
f:\tool\gsgs4.0.0\build\codelite\gsgs.dir\debug\lspnetworkstdio.obj
f:\tool\gsgs4.0.0\build\codelite\gsgs.dir\debug\notebook_bitmaps.obj
f:\tool\gsgs4.0.0\build\codelite\gsgs.dir\debug\openresourcedialogmodel.obj
f:\tool\gsgs4.0.0\build\codelite\gsgs.dir\debug\opentypevlistctrl.obj
f:\tool\gsgs4.0.0\build\codelite\gsgs.dir\debug\sftpsessioninfo.obj
f:\tool\gsgs4.0.0\build\codelite\gsgs.dir\debug\sftp_settings.obj
f:\tool\gsgs4.0.0\build\codelite\gsgs.dir\debug\sftp_ui_sftp_bitmaps.obj
f:\tool\gsgs4.0.0\build\codelite\gsgs.dir\debug\symbol_tree.obj
f:\tool\gsgs4.0.0\build\codelite\gsgs.dir\debug\wxterminal.obj
f:\tool\gsgs4.0.0\build\codelite\gsgs.dir\debug\cxxpreprocessorscanner.obj
f:\tool\gsgs4.0.0\build\codelite\gsgs.dir\debug\cxxusingnamespacecollector.obj
f:\tool\gsgs4.0.0\build\codelite\gsgs.dir\debug\gsgsjson.obj
f:\tool\gsgs4.0.0\build\codelite\gsgs.dir\debug\didopentextdocumentrequest.obj
f:\tool\gsgs4.0.0\build\codelite\gsgs.dir\debug\gotoimplementationrequest.obj
f:\tool\gsgs4.0.0\build\codelite\gsgs.dir\debug\message.obj
f:\tool\gsgs4.0.0\build\codelite\gsgs.dir\debug\request.obj
f:\tool\gsgs4.0.0\build\codelite\gsgs.dir\debug\basic_types.obj
f:\tool\gsgs4.0.0\build\codelite\gsgs.dir\debug\phpdocparam.obj
f:\tool\gsgs4.0.0\build\codelite\gsgs.dir\debug\phpdocvisitor.obj
f:\tool\gsgs4.0.0\build\codelite\gsgs.dir\debug\phpentitykeyword.obj
f:\tool\gsgs4.0.0\build\codelite\gsgs.dir\debug\phpentityvisitor.obj
f:\tool\gsgs4.0.0\build\codelite\gsgs.dir\debug\phpsourcefile.obj
f:\tool\gsgs4.0.0\build\codelite\gsgs.dir\debug\gsgssocketserver.obj
f:\tool\gsgs4.0.0\build\codelite\gsgs.dir\debug\terminalemulatoruibase.obj
f:\tool\gsgs4.0.0\build\codelite\gsgs.dir\debug\gsgsserializer.obj
f:\tool\gsgs4.0.0\build\codelite\gsgs.dir\debug\gsgsconfig.obj
f:\tool\gsgs4.0.0\build\codelite\gsgs.dir\debug\cpp_comment_parser.obj
f:\tool\gsgs4.0.0\build\codelite\gsgs.dir\debug\cpp_expr_parser.obj
f:\tool\gsgs4.0.0\build\codelite\gsgs.dir\debug\cpptoken.obj
f:\tool\gsgs4.0.0\build\codelite\gsgs.dir\debug\gsgslanguage.obj
f:\tool\gsgs4.0.0\build\codelite\gsgs.dir\debug\pp_lexer.obj
f:\tool\gsgs4.0.0\build\codelite\gsgs.dir\debug\readtags.obj
f:\tool\gsgs4.0.0\build\codelite\gsgs.dir\debug\gsgsrefactor.obj
f:\tool\gsgs4.0.0\build\codelite\gsgs.dir\debug\gsgslogmanager.obj
f:\tool\gsgs4.0.0\build\codelite\gsgs.dir\debug\gsgsstringutil.obj
f:\tool\gsgs4.0.0\build\codelite\gsgs.dir\debug\gsgsdk.obj
f:\tool\gsgs4.0.0\build\codelite\gsgs.dir\debug\gsgsboxtip.obj
f:\tool\gsgs4.0.0\build\codelite\gsgs.dir\debug\gsgscodeboxmanager.obj
f:\tool\gsgs4.0.0\build\codelite\gsgs.dir\debug\gsgsdebuggermanager.obj
f:\tool\gsgs4.0.0\build\codelite\gsgs.dir\debug\gsgsfilepicker.obj
f:\tool\gsgs4.0.0\build\codelite\gsgs.dir\debug\gsgsgotoentrymanager.obj
f:\tool\gsgs4.0.0\build\codelite\gsgs.dir\debug\gsgslexerstyle.obj
f:\tool\gsgs4.0.0\build\codelite\gsgs.dir\debug\gsgsnavigationmanager.obj
f:\tool\gsgs4.0.0\build\codelite\gsgs.dir\debug\gsgsplugincommon.obj
f:\tool\gsgs4.0.0\build\codelite\gsgs.dir\debug\gsgssessionmanager.obj
f:\tool\gsgs4.0.0\build\codelite\gsgs.dir\debug\gsgsshellcmd.obj
f:\tool\gsgs4.0.0\build\codelite\gsgs.dir\debug\gsgstoolsetmanager.obj
f:\tool\gsgs4.0.0\build\codelite\gsgs.dir\debug\gsgswindowmanager.obj
f:\tool\gsgs4.0.0\build\codelite\gsgs.dir\debug\languageserverprotocol.obj
f:\tool\gsgs4.0.0\build\codelite\gsgs.dir\debug\nodejslocator.obj
f:\tool\gsgs4.0.0\build\codelite\gsgs.dir\debug\plugin_general_wxcp.obj
f:\tool\gsgs4.0.0\build\codelite\gsgs.dir\debug\sftpbrowserdlg.obj
f:\tool\gsgs4.0.0\build\codelite\gsgs.dir\debug\sshaccountmanagerdlg.obj
f:\tool\gsgs4.0.0\build\codelite\gsgs.dir\debug\wxcrafter_plugin_bitmaps.obj
f:\tool\gsgs4.0.0\build\codelite\gsgs.dir\debug\wxpnganimation.obj
f:\tool\gsgs4.0.0\build\codelite\gsgs.dir\debug\named_pipe_server.obj
f:\tool\gsgs4.0.0\build\codelite\gsgs.dir\debug\cxxlexer.obj
f:\tool\gsgs4.0.0\build\codelite\gsgs.dir\debug\cxxpreprocessorexpression.obj
f:\tool\gsgs4.0.0\build\codelite\gsgs.dir\debug\cxxtokenizer.obj
f:\tool\gsgs4.0.0\build\codelite\gsgs.dir\debug\jslexer.obj
f:\tool\gsgs4.0.0\build\codelite\gsgs.dir\debug\didchangetextdocumentrequest.obj
f:\tool\gsgs4.0.0\build\codelite\gsgs.dir\debug\didsavetextdocumentrequest.obj
f:\tool\gsgs4.0.0\build\codelite\gsgs.dir\debug\initializerequest.obj
f:\tool\gsgs4.0.0\build\codelite\gsgs.dir\debug\messagewithparams.obj
f:\tool\gsgs4.0.0\build\codelite\gsgs.dir\debug\responsemessage.obj
f:\tool\gsgs4.0.0\build\codelite\gsgs.dir\debug\json_rpc_results.obj
f:\tool\gsgs4.0.0\build\codelite\gsgs.dir\debug\phpdocvar.obj
f:\tool\gsgs4.0.0\build\codelite\gsgs.dir\debug\phpentityfunction.obj
f:\tool\gsgs4.0.0\build\codelite\gsgs.dir\debug\phpentityvariable.obj
f:\tool\gsgs4.0.0\build\codelite\gsgs.dir\debug\phplookuptable.obj
f:\tool\gsgs4.0.0\build\codelite\gsgs.dir\debug\gsgssocketbase.obj
f:\tool\gsgs4.0.0\build\codelite\gsgs.dir\debug\terminalemulator.obj
f:\tool\gsgs4.0.0\build\codelite\gsgs.dir\debug\xmllexer.obj
f:\tool\gsgs4.0.0\build\codelite\gsgs.dir\debug\gsgsconsole.obj
f:\tool\gsgs4.0.0\build\codelite\gsgs.dir\debug\gsgsevent.obj
f:\tool\gsgs4.0.0\build\codelite\gsgs.dir\debug\gsgspathmanager.obj
f:\tool\gsgs4.0.0\build\codelite\gsgs.dir\debug\gsgscomment.obj
f:\tool\gsgs4.0.0\build\codelite\gsgs.dir\debug\crawler_lexer.obj
f:\tool\gsgs4.0.0\build\codelite\gsgs.dir\debug\gsgstag.obj
f:\tool\gsgs4.0.0\build\codelite\gsgs.dir\debug\gsgsparseworker.obj
f:\tool\gsgs4.0.0\build\codelite\gsgs.dir\debug\scope_parser.obj
f:\tool\gsgs4.0.0\build\codelite\gsgs.dir\debug\tags_storage_sqlite3.obj
f:\tool\gsgs4.0.0\build\codelite\gsgs.dir\debug\gsgsfileutil.obj
f:\tool\gsgs4.0.0\build\codelite\gsgs.dir\debug\gsgsapi.obj
f:\tool\gsgs4.0.0\build\codelite\gsgs.dir\debug\eclipsethemeimportermanager.obj
f:\tool\gsgs4.0.0\build\codelite\gsgs.dir\debug\gsgsbuildconfig.obj
f:\tool\gsgs4.0.0\build\codelite\gsgs.dir\debug\gsgscommonhandler.obj
f:\tool\gsgs4.0.0\build\codelite\gsgs.dir\debug\gsgseditortip.obj
f:\tool\gsgs4.0.0\build\codelite\gsgs.dir\debug\gsgshistory.obj
f:\tool\gsgs4.0.0\build\codelite\gsgs.dir\debug\gsgsjob.obj
f:\tool\gsgs4.0.0\build\codelite\gsgs.dir\debug\gsgslistctrladvance.obj
f:\tool\gsgs4.0.0\build\codelite\gsgs.dir\debug\gsgsmenubar.obj
f:\tool\gsgs4.0.0\build\codelite\gsgs.dir\debug\gsgsnodejs.obj
f:\tool\gsgs4.0.0\build\codelite\gsgs.dir\debug\gsgsprogressctrl.obj
f:\tool\gsgs4.0.0\build\codelite\gsgs.dir\debug\gsgsscrolledpanel.obj
f:\tool\gsgs4.0.0\build\codelite\gsgs.dir\debug\gsgsstatusbar.obj
f:\tool\gsgs4.0.0\build\codelite\gsgs.dir\debug\gsgstreectrl.obj
f:\tool\gsgs4.0.0\build\codelite\gsgs.dir\debug\gsgswizard.obj
f:\tool\gsgs4.0.0\build\codelite\gsgs.dir\debug\gsgszip.obj
f:\tool\gsgs4.0.0\build\codelite\gsgs.dir\debug\innercompilerlocator.obj
f:\tool\gsgs4.0.0\build\codelite\gsgs.dir\debug\markup.obj
f:\tool\gsgs4.0.0\build\codelite\gsgs.dir\debug\notebooknavigationdlg.obj
f:\tool\gsgs4.0.0\build\codelite\gsgs.dir\debug\plugin_general_wxcp_plugin_bitmaps.obj
f:\tool\gsgs4.0.0\build\codelite\gsgs.dir\debug\sftptreemodel.obj
f:\tool\gsgs4.0.0\build\codelite\gsgs.dir\debug\sftp_ui.obj
f:\tool\gsgs4.0.0\build\codelite\gsgs.dir\debug\wsimporter.obj
f:\tool\gsgs4.0.0\build\codelite\gsgs.dir\debug\clindexerprotocol.obj
f:\tool\gsgs4.0.0\build\codelite\gsgs.dir\debug\named_pipe_client.obj
f:\tool\gsgs4.0.0\build\codelite\gsgs.dir\debug\gsgssubprc.obj
f:\tool\gsgs4.0.0\build\codelite\gsgs.dir\debug\cxxtemplatefunction.obj
f:\tool\gsgs4.0.0\build\codelite\gsgs.dir\debug\cxxvariablescanner.obj
f:\tool\gsgs4.0.0\build\codelite\gsgs.dir\debug\completionrequest.obj
f:\tool\gsgs4.0.0\build\codelite\gsgs.dir\debug\gotodeclarationrequest.obj
f:\tool\gsgs4.0.0\build\codelite\gsgs.dir\debug\jsonobject.obj
f:\tool\gsgs4.0.0\build\codelite\gsgs.dir\debug\notification.obj
f:\tool\gsgs4.0.0\build\codelite\gsgs.dir\debug\signaturehelprequest.obj
f:\tool\gsgs4.0.0\build\codelite\gsgs.dir\debug\phpdoccomment.obj
f:\tool\gsgs4.0.0\build\codelite\gsgs.dir\debug\phpentitybase.obj
f:\tool\gsgs4.0.0\build\codelite\gsgs.dir\debug\phpentityfunctionalias.obj
f:\tool\gsgs4.0.0\build\codelite\gsgs.dir\debug\phpexpression.obj
f:\tool\gsgs4.0.0\build\codelite\gsgs.dir\debug\gsgsconnectionstring.obj
f:\tool\gsgs4.0.0\build\codelite\gsgs.dir\debug\gsgssocketclientasync.obj
f:\tool\gsgs4.0.0\build\codelite\gsgs.dir\debug\terminalemulatorui_codelite_bitmaps.obj
f:\tool\gsgs4.0.0\build\codelite\gsgs.dir\debug\cjson.obj
f:\tool\gsgs4.0.0\build\codelite\gsgs.dir\debug\gsgscmdprc.obj
f:\tool\gsgs4.0.0\build\codelite\gsgs.dir\debug\gsgscxxfilecachesymbols.obj
f:\tool\gsgs4.0.0\build\codelite\gsgs.dir\debug\gsgsssh.obj
f:\tool\gsgs4.0.0\build\codelite\gsgs.dir\debug\cpp_expr_lexer.obj
f:\tool\gsgs4.0.0\build\codelite\gsgs.dir\debug\cpp_func_parser.obj
f:\tool\gsgs4.0.0\build\codelite\gsgs.dir\debug\cppwordscanner.obj
f:\tool\gsgs4.0.0\build\codelite\gsgs.dir\debug\include_finder.obj
f:\tool\gsgs4.0.0\build\codelite\gsgs.dir\debug\lex.yy.obj
f:\tool\gsgs4.0.0\build\codelite\gsgs.dir\debug\pp.obj
f:\tool\gsgs4.0.0\build\codelite\gsgs.dir\debug\gsgsprogressdialog.obj
f:\tool\gsgs4.0.0\build\codelite\gsgs.dir\debug\cpp_typedef_parser.obj
f:\tool\gsgs4.0.0\build\codelite\gsgs.dir\debug\process_impl.obj
f:\tool\gsgs4.0.0\build\codelite\gsgs.dir\debug\vc141.pdb
f:\lib\debug\libgsgs.lib
f:\lib\debug\libgsgs.exp
f:\tool\gsgs4.0.0\runtime\libgsgs.ilk
f:\tool\gsgs4.0.0\runtime\libgsgs.dll
f:\bin\debug\libgsgs.pdb
f:\tool\gsgs4.0.0\build\codelite\gsgs.dir\debug\libgsgs.tlog\cl.11760.write.1.tlog
f:\tool\gsgs4.0.0\build\codelite\gsgs.dir\debug\libgsgs.tlog\cl.command.1.tlog
f:\tool\gsgs4.0.0\build\codelite\gsgs.dir\debug\libgsgs.tlog\cl.read.1.tlog
f:\tool\gsgs4.0.0\build\codelite\gsgs.dir\debug\libgsgs.tlog\libgsgs.write.1u.tlog
f:\tool\gsgs4.0.0\build\codelite\gsgs.dir\debug\libgsgs.tlog\link.command.1.tlog
f:\tool\gsgs4.0.0\build\codelite\gsgs.dir\debug\libgsgs.tlog\link.read.1.tlog
f:\tool\gsgs4.0.0\build\codelite\gsgs.dir\debug\libgsgs.tlog\link.write.1.tlog
